-------------------------------------------------------------------------------
Test set: com.example.debeziumspringbootpostgres.DebeziumSpringbootPostgresApplicationTests
-------------------------------------------------------------------------------
Tests run: 1, Failures: 0, Errors: 1, Skipped: 0, Time elapsed: 1.479 s <<< FAILURE! - in com.example.debeziumspringbootpostgres.DebeziumSpringbootPostgresApplicationTests
com.example.debeziumspringbootpostgres.DebeziumSpringbootPostgresApplicationTests  Time elapsed: 1.478 s  <<< ERROR!
java.lang.IllegalStateException: Unable to find a @SpringBootConfiguration, you need to use @ContextConfiguration or @SpringBootTest(classes=...) with your test

