<?xml version="1.0" encoding="UTF-8"?>
<testsuite xmlns:xsi="http://www.w3.org/2001/XMLSchema-instance" xsi:noNamespaceSchemaLocation="https://maven.apache.org/surefire/maven-surefire-plugin/xsd/surefire-test-report.xsd" name="com.example.debeziumspringbootpostgres.DebeziumSpringbootPostgresApplicationTests" time="1.479" tests="1" errors="1" skipped="0" failures="0">
  <properties>
[...]
</properties>
  <testcase name="com.example.debeziumspringbootpostgres.DebeziumSpringbootPostgresApplicationTests" classname="com.example.debeziumspringbootpostgres.DebeziumSpringbootPostgresApplicationTests" time="1.478">
    <error message="Unable to find a @SpringBootConfiguration, you need to use @ContextConfiguration or @SpringBootTest(classes=...) with your test" type="java.lang.IllegalStateException">java.lang.IllegalStateException: Unable to find a @SpringBootConfiguration, you need to use @ContextConfiguration or @SpringBootTest(classes=...) with your test
</error>
    <system-out><![CDATA[09:32:57.748 [main] DEBUG org.springframework.test.context.BootstrapUtils - Instantiating CacheAwareContextLoaderDelegate from class [org.springframework.test.context.cache.DefaultCacheAwareContextLoaderDelegate]
09:32:57.845 [main] DEBUG org.springframework.test.context.BootstrapUtils - Instantiating BootstrapContext using constructor [public org.springframework.test.context.support.DefaultBootstrapContext(java.lang.Class,org.springframework.test.context.CacheAwareContextLoaderDelegate)]
09:32:58.039 [main] DEBUG org.springframework.test.context.BootstrapUtils - Instantiating TestContextBootstrapper for test class [com.example.debeziumspringbootpostgres.DebeziumSpringbootPostgresApplicationTests] from class [org.springframework.boot.test.context.SpringBootTestContextBootstrapper]
09:32:58.143 [main] INFO org.springframework.boot.test.context.SpringBootTestContextBootstrapper - Neither @ContextConfiguration nor @ContextHierarchy found for test class [com.example.debeziumspringbootpostgres.DebeziumSpringbootPostgresApplicationTests], using SpringBootContextLoader
09:32:58.171 [main] DEBUG org.springframework.test.context.support.AbstractContextLoader - Did not detect default resource location for test class [com.example.debeziumspringbootpostgres.DebeziumSpringbootPostgresApplicationTests]: class path resource [com/example/debeziumspringbootpostgres/DebeziumSpringbootPostgresApplicationTests-context.xml] does not exist
09:32:58.177 [main] DEBUG org.springframework.test.context.support.AbstractContextLoader - Did not detect default resource location for test class [com.example.debeziumspringbootpostgres.DebeziumSpringbootPostgresApplicationTests]: class path resource [com/example/debeziumspringbootpostgres/DebeziumSpringbootPostgresApplicationTestsContext.groovy] does not exist
09:32:58.177 [main] INFO org.springframework.test.context.support.AbstractContextLoader - Could not detect default resource locations for test class [com.example.debeziumspringbootpostgres.DebeziumSpringbootPostgresApplicationTests]: no resource found for suffixes {-context.xml, Context.groovy}.
09:32:58.181 [main] INFO org.springframework.test.context.support.AnnotationConfigContextLoaderUtils - Could not detect default configuration classes for test class [com.example.debeziumspringbootpostgres.DebeziumSpringbootPostgresApplicationTests]: DebeziumSpringbootPostgresApplicationTests does not declare any static, non-private, non-final, nested classes annotated with @Configuration.
09:32:58.497 [main] DEBUG org.springframework.test.context.support.ActiveProfilesUtils - Could not find an 'annotation declaring class' for annotation type [org.springframework.test.context.ActiveProfiles] and class [com.example.debeziumspringbootpostgres.DebeziumSpringbootPostgresApplicationTests]
]]></system-out>
  </testcase>
</testsuite>